E:\ARMYDEMO\BIN\LIB\DUILIB_U.LIB
E:\ArmyDemo\DuiLib\..\bin\lib\DuiLib_u.lib
E:\ARMYDEMO\DUILIB\BUILD\DEBUG\DUILIB.PCH
E:\ArmyDemo\DuiLib\Debug\cl.command.1.tlog
E:\ArmyDemo\DuiLib\Debug\CL.read.1.tlog
E:\ArmyDemo\DuiLib\Debug\CL.write.1.tlog
E:\ArmyDemo\DuiLib\Debug\DuiLib.write.1.tlog
E:\ArmyDemo\DuiLib\Debug\lib.command.1.tlog
E:\ArmyDemo\DuiLib\Debug\Lib-link.read.1.tlog
E:\ArmyDemo\DuiLib\Debug\Lib-link.write.1.tlog
E:\ARMYDEMO\DUILIB\DEBUG\STB_IMAGE.OBJ
E:\ARMYDEMO\DUILIB\DEBUG\STDAFX.OBJ
E:\ARMYDEMO\DUILIB\DEBUG\UIACTIVEX.OBJ
E:\ARMYDEMO\DUILIB\DEBUG\UIBASE.OBJ
E:\ARMYDEMO\DUILIB\DEBUG\UIBUTTON.OBJ
E:\ARMYDEMO\DUILIB\DEBUG\UICHECKBOX.OBJ
E:\ARMYDEMO\DUILIB\DEBUG\UICHILDLAYOUT.OBJ
E:\ARMYDEMO\DUILIB\DEBUG\UICOMBO.OBJ
E:\ARMYDEMO\DUILIB\DEBUG\UICOMBOBOX.OBJ
E:\ARMYDEMO\DUILIB\DEBUG\UICONTAINER.OBJ
E:\ARMYDEMO\DUILIB\DEBUG\UICONTROL.OBJ
E:\ARMYDEMO\DUILIB\DEBUG\UIDATETIME.OBJ
E:\ARMYDEMO\DUILIB\DEBUG\UIDELEGATE.OBJ
E:\ARMYDEMO\DUILIB\DEBUG\UIDLGBUILDER.OBJ
E:\ARMYDEMO\DUILIB\DEBUG\UIEDIT.OBJ
E:\ARMYDEMO\DUILIB\DEBUG\UIFLASH.OBJ
E:\ARMYDEMO\DUILIB\DEBUG\UIHORIZONTALLAYOUT.OBJ
E:\ARMYDEMO\DUILIB\DEBUG\UILABEL.OBJ
E:\ARMYDEMO\DUILIB\DEBUG\UILIB.OBJ
E:\ARMYDEMO\DUILIB\DEBUG\UILIST.OBJ
E:\ARMYDEMO\DUILIB\DEBUG\UIMANAGER.OBJ
E:\ARMYDEMO\DUILIB\DEBUG\UIMARKUP.OBJ
E:\ARMYDEMO\DUILIB\DEBUG\UIOPTION.OBJ
E:\ARMYDEMO\DUILIB\DEBUG\UIPROGRESS.OBJ
E:\ARMYDEMO\DUILIB\DEBUG\UIRENDER.OBJ
E:\ARMYDEMO\DUILIB\DEBUG\UIRICHEDIT.OBJ
E:\ARMYDEMO\DUILIB\DEBUG\UISCROLLBAR.OBJ
E:\ARMYDEMO\DUILIB\DEBUG\UISLIDER.OBJ
E:\ARMYDEMO\DUILIB\DEBUG\UITABLAYOUT.OBJ
E:\ARMYDEMO\DUILIB\DEBUG\UITEXT.OBJ
E:\ARMYDEMO\DUILIB\DEBUG\UITILELAYOUT.OBJ
E:\ARMYDEMO\DUILIB\DEBUG\UITREEVIEW.OBJ
E:\ARMYDEMO\DUILIB\DEBUG\UIVERTICALLAYOUT.OBJ
E:\ARMYDEMO\DUILIB\DEBUG\UIWEBBROWSER.OBJ
E:\ARMYDEMO\DUILIB\DEBUG\UTILS.OBJ
E:\ArmyDemo\DuiLib\Debug\vc100.idb
E:\ARMYDEMO\DUILIB\DEBUG\VC100.PDB
E:\ARMYDEMO\DUILIB\DEBUG\WINIMPLBASE.OBJ
E:\ARMYDEMO\DUILIB\DEBUG\XUNZIP.OBJ
