D:\smclient\SafeManager\Depend\DuiLib\..\..\lib\debug\DuiLib_d.lib
D:\SMCLIENT\SAFEMANAGER\DEPEND\DUILIB\BUILD\DEBUG\DUILIB.PCH
D:\smclient\SafeManager\Depend\DuiLib\Debug\cl.command.1.tlog
D:\smclient\SafeManager\Depend\DuiLib\Debug\CL.read.1.tlog
D:\smclient\SafeManager\Depend\DuiLib\Debug\CL.write.1.tlog
D:\smclient\SafeManager\Depend\DuiLib\Debug\DuiLib.write.1.tlog
D:\smclient\SafeManager\Depend\DuiLib\Debug\lib.command.1.tlog
D:\smclient\SafeManager\Depend\DuiLib\Debug\Lib-link.read.1.tlog
D:\smclient\SafeManager\Depend\DuiLib\Debug\Lib-link.write.1.tlog
D:\SMCLIENT\SAFEMANAGER\DEPEND\DUILIB\DEBUG\STB_IMAGE.OBJ
D:\SMCLIENT\SAFEMANAGER\DEPEND\DUILIB\DEBUG\STDAFX.OBJ
D:\SMCLIENT\SAFEMANAGER\DEPEND\DUILIB\DEBUG\UIACTIVEX.OBJ
D:\SMCLIENT\SAFEMANAGER\DEPEND\DUILIB\DEBUG\UIBASE.OBJ
D:\SMCLIENT\SAFEMANAGER\DEPEND\DUILIB\DEBUG\UIBUTTON.OBJ
D:\SMCLIENT\SAFEMANAGER\DEPEND\DUILIB\DEBUG\UICHECKBOX.OBJ
D:\SMCLIENT\SAFEMANAGER\DEPEND\DUILIB\DEBUG\UICHILDLAYOUT.OBJ
D:\SMCLIENT\SAFEMANAGER\DEPEND\DUILIB\DEBUG\UICOMBO.OBJ
D:\SMCLIENT\SAFEMANAGER\DEPEND\DUILIB\DEBUG\UICOMBOBOX.OBJ
D:\SMCLIENT\SAFEMANAGER\DEPEND\DUILIB\DEBUG\UICONTAINER.OBJ
D:\SMCLIENT\SAFEMANAGER\DEPEND\DUILIB\DEBUG\UICONTROL.OBJ
D:\SMCLIENT\SAFEMANAGER\DEPEND\DUILIB\DEBUG\UIDATETIME.OBJ
D:\SMCLIENT\SAFEMANAGER\DEPEND\DUILIB\DEBUG\UIDELEGATE.OBJ
D:\SMCLIENT\SAFEMANAGER\DEPEND\DUILIB\DEBUG\UIDLGBUILDER.OBJ
D:\SMCLIENT\SAFEMANAGER\DEPEND\DUILIB\DEBUG\UIEDIT.OBJ
D:\SMCLIENT\SAFEMANAGER\DEPEND\DUILIB\DEBUG\UIFLASH.OBJ
D:\SMCLIENT\SAFEMANAGER\DEPEND\DUILIB\DEBUG\UIHORIZONTALLAYOUT.OBJ
D:\SMCLIENT\SAFEMANAGER\DEPEND\DUILIB\DEBUG\UILABEL.OBJ
D:\SMCLIENT\SAFEMANAGER\DEPEND\DUILIB\DEBUG\UILIB.OBJ
D:\SMCLIENT\SAFEMANAGER\DEPEND\DUILIB\DEBUG\UILIST.OBJ
D:\SMCLIENT\SAFEMANAGER\DEPEND\DUILIB\DEBUG\UIMANAGER.OBJ
D:\SMCLIENT\SAFEMANAGER\DEPEND\DUILIB\DEBUG\UIMARKUP.OBJ
D:\SMCLIENT\SAFEMANAGER\DEPEND\DUILIB\DEBUG\UIOPTION.OBJ
D:\SMCLIENT\SAFEMANAGER\DEPEND\DUILIB\DEBUG\UIPROGRESS.OBJ
D:\SMCLIENT\SAFEMANAGER\DEPEND\DUILIB\DEBUG\UIRENDER.OBJ
D:\SMCLIENT\SAFEMANAGER\DEPEND\DUILIB\DEBUG\UIRICHEDIT.OBJ
D:\SMCLIENT\SAFEMANAGER\DEPEND\DUILIB\DEBUG\UISCROLLBAR.OBJ
D:\SMCLIENT\SAFEMANAGER\DEPEND\DUILIB\DEBUG\UISLIDER.OBJ
D:\SMCLIENT\SAFEMANAGER\DEPEND\DUILIB\DEBUG\UITABLAYOUT.OBJ
D:\SMCLIENT\SAFEMANAGER\DEPEND\DUILIB\DEBUG\UITEXT.OBJ
D:\SMCLIENT\SAFEMANAGER\DEPEND\DUILIB\DEBUG\UITILELAYOUT.OBJ
D:\SMCLIENT\SAFEMANAGER\DEPEND\DUILIB\DEBUG\UITREEVIEW.OBJ
D:\SMCLIENT\SAFEMANAGER\DEPEND\DUILIB\DEBUG\UIVERTICALLAYOUT.OBJ
D:\SMCLIENT\SAFEMANAGER\DEPEND\DUILIB\DEBUG\UIWEBBROWSER.OBJ
D:\SMCLIENT\SAFEMANAGER\DEPEND\DUILIB\DEBUG\UTILS.OBJ
D:\smclient\SafeManager\Depend\DuiLib\Debug\vc100.idb
D:\SMCLIENT\SAFEMANAGER\DEPEND\DUILIB\DEBUG\VC100.PDB
D:\SMCLIENT\SAFEMANAGER\DEPEND\DUILIB\DEBUG\WINIMPLBASE.OBJ
D:\SMCLIENT\SAFEMANAGER\DEPEND\DUILIB\DEBUG\XUNZIP.OBJ
D:\SMCLIENT\SAFEMANAGER\LIB\DEBUG\DUILIB_D.LIB
